<?xml version="1.0" encoding="UTF-8"?>
<!-- Generated by org.testng.reporters.JUnitXMLReporter -->
<testsuite ignored="0" hostname="CA-L8KK7M63" failures="0" tests="3" name="Default test" time="54.739" errors="0" timestamp="2021-06-28T14:40:56 ADT">
  <testcase classname="tests.BaseTest" name="testOne" time="12.495"/>
  <testcase classname="tests.BaseTest" name="testTwo" time="12.881"/>
  <testcase classname="tests.BaseTest" name="testThree" time="0.161"/>
</testsuite> <!-- Default test -->
