<?xml version="1.0" encoding="UTF-8"?>
<testng-results ignored="0" total="3" passed="3" failed="0" skipped="0">
  <reporter-output>
  </reporter-output>
  <suite started-at="2021-06-28T14:40:01 ADT" name="Default suite" finished-at="2021-06-28T14:40:56 ADT" duration-ms="54739">
    <groups>
    </groups>
    <test started-at="2021-06-28T14:40:01 ADT" name="Default test" finished-at="2021-06-28T14:40:56 ADT" duration-ms="54739">
      <class name="tests.BaseTest">
        <test-method is-config="true" signature="setup()[pri:0, instance:tests.BaseTest@13fd2ccd]" started-at="2021-06-28T14:40:01 ADT" name="setup" finished-at="2021-06-28T14:40:28 ADT" duration-ms="26813" status="PASS">
          <reporter-output>
          </reporter-output>
        </test-method> <!-- setup -->
        <test-method signature="testOne()[pri:0, instance:tests.BaseTest@13fd2ccd]" started-at="2021-06-28T14:40:28 ADT" name="testOne" finished-at="2021-06-28T14:40:40 ADT" duration-ms="12495" status="PASS">
          <reporter-output>
          </reporter-output>
        </test-method> <!-- testOne -->
        <test-method is-config="true" signature="afterTest(org.testng.ITestResult)[pri:0, instance:tests.BaseTest@13fd2ccd]" started-at="2021-06-28T14:40:40 ADT" name="afterTest" finished-at="2021-06-28T14:40:40 ADT" duration-ms="4" status="PASS">
          <params>
            <param index="0">
              <value>
                <![CDATA[[TestResult name=testOne status=SUCCESS method=BaseTest.testOne()[pri:0, instance:tests.BaseTest@13fd2ccd] output={null}]]]>
              </value>
            </param>
          </params>
          <reporter-output>
          </reporter-output>
        </test-method> <!-- afterTest -->
        <test-method signature="testTwo()[pri:1, instance:tests.BaseTest@13fd2ccd]" started-at="2021-06-28T14:40:40 ADT" name="testTwo" finished-at="2021-06-28T14:40:53 ADT" duration-ms="12881" status="PASS">
          <reporter-output>
          </reporter-output>
        </test-method> <!-- testTwo -->
        <test-method is-config="true" signature="afterTest(org.testng.ITestResult)[pri:0, instance:tests.BaseTest@13fd2ccd]" started-at="2021-06-28T14:40:53 ADT" name="afterTest" finished-at="2021-06-28T14:40:53 ADT" duration-ms="1" status="PASS">
          <params>
            <param index="0">
              <value>
                <![CDATA[[TestResult name=testTwo status=SUCCESS method=BaseTest.testTwo()[pri:1, instance:tests.BaseTest@13fd2ccd] output={null}]]]>
              </value>
            </param>
          </params>
          <reporter-output>
          </reporter-output>
        </test-method> <!-- afterTest -->
        <test-method signature="testThree()[pri:2, instance:tests.BaseTest@13fd2ccd]" started-at="2021-06-28T14:40:53 ADT" name="testThree" finished-at="2021-06-28T14:40:53 ADT" duration-ms="161" status="PASS">
          <reporter-output>
          </reporter-output>
        </test-method> <!-- testThree -->
        <test-method is-config="true" signature="afterTest(org.testng.ITestResult)[pri:0, instance:tests.BaseTest@13fd2ccd]" started-at="2021-06-28T14:40:53 ADT" name="afterTest" finished-at="2021-06-28T14:40:53 ADT" duration-ms="1" status="PASS">
          <params>
            <param index="0">
              <value>
                <![CDATA[[TestResult name=testThree status=SUCCESS method=BaseTest.testThree()[pri:2, instance:tests.BaseTest@13fd2ccd] output={null}]]]>
              </value>
            </param>
          </params>
          <reporter-output>
          </reporter-output>
        </test-method> <!-- afterTest -->
        <test-method is-config="true" signature="tearDown()[pri:0, instance:tests.BaseTest@13fd2ccd]" started-at="2021-06-28T14:40:53 ADT" name="tearDown" finished-at="2021-06-28T14:40:56 ADT" duration-ms="2319" status="PASS">
          <reporter-output>
          </reporter-output>
        </test-method> <!-- tearDown -->
      </class> <!-- tests.BaseTest -->
    </test> <!-- Default test -->
  </suite> <!-- Default suite -->
</testng-results>
